-- Found ament_cmake_auto: 1.3.8 (/opt/ros/humble/share/ament_cmake_auto/cmake)
-- Found rosidl_generator_c: 3.1.5 (/opt/ros/humble/share/rosidl_generator_c/cmake)
-- Found rosidl_adapter: 3.1.5 (/opt/ros/humble/share/rosidl_adapter/cmake)
-- Found rosidl_generator_cpp: 3.1.5 (/opt/ros/humble/share/rosidl_generator_cpp/cmake)
-- Using all available rosidl_typesupport_c: rosidl_typesupport_fastrtps_c;rosidl_typesupport_introspection_c
-- Using all available rosidl_typesupport_cpp: rosidl_typesupport_fastrtps_cpp;rosidl_typesupport_introspection_cpp
-- Found rmw_implementation_cmake: 6.1.1 (/opt/ros/humble/share/rmw_implementation_cmake/cmake)
-- Found rmw_fastrtps_cpp: 6.2.6 (/opt/ros/humble/share/rmw_fastrtps_cpp/cmake)
-- Using RMW implementation 'rmw_fastrtps_cpp' as default
[33mCMake Warning at /usr/lib/ids_peak-1.7.3/cmake/ids_peak-config.cmake:234 (message):
  GENICAM_GENTL64_PATH is not set! If you just installed the SDK you might
  want to consider a restart.  If you are using the .tar.gz package, please
  use the ids_peak_generate_starter_script function to generate a starter
  script.
Call Stack (most recent call first):
  CMakeLists.txt:16 (find_package)

[0m
-- Found Boost: /usr/lib/x86_64-linux-gnu/cmake/Boost-1.74.0/BoostConfig.cmake (found version "1.74.0") found components: system 
-- Configuring done
-- Generating done
-- Build files have been written to: /home/leonard/peak_cam_docker/build/peak_cam
[ 25%] [32mBuilding CXX object CMakeFiles/peak_cam_node.dir/rclcpp_components/node_main_peak_cam_node.cpp.o[0m
[ 50%] [32mBuilding CXX object CMakeFiles/peak_cam.dir/src/peak_cam_node.cpp.o[0m
In file included from [01m[K/home/leonard/peak_cam_docker/peak_cam/src/peak_cam_node.cpp:36[m[K:
[01m[K/home/leonard/peak_cam_docker/peak_cam/include/peak_cam/peak_cam_node.hpp:43:10:[m[K [01;31m[Kfatal error: [m[Kcamera_info_manager/camera_info_manager.hpp: No such file or directory
   43 | #include [01;31m[K"camera_info_manager/camera_info_manager.hpp"[m[K
      |          [01;31m[K^~~~~~~~~~~~~~~~~~~~~~~~~~~~~~~~~~~~~~~~~~~~~[m[K
compilation terminated.
gmake[2]: *** [CMakeFiles/peak_cam.dir/build.make:76: CMakeFiles/peak_cam.dir/src/peak_cam_node.cpp.o] Error 1
gmake[1]: *** [CMakeFiles/Makefile2:139: CMakeFiles/peak_cam.dir/all] Error 2
gmake[1]: *** Waiting for unfinished jobs....
[ 75%] [32m[1mLinking CXX executable peak_cam_node[0m
[ 75%] Built target peak_cam_node
gmake: *** [Makefile:146: all] Error 2
