[0.009s] Invoking command in '/home/leonard/peak_cam_docker/build/peak_cam': CMAKE_PREFIX_PATH=/opt/ros/humble /usr/bin/cmake /home/leonard/peak_cam_docker/peak_cam -DCMAKE_INSTALL_PREFIX=/home/leonard/peak_cam_docker/install/peak_cam
[0.018s] -- Found ament_cmake_auto: 1.3.8 (/opt/ros/humble/share/ament_cmake_auto/cmake)
[0.221s] -- Found rosidl_generator_c: 3.1.5 (/opt/ros/humble/share/rosidl_generator_c/cmake)
[0.223s] -- Found rosidl_adapter: 3.1.5 (/opt/ros/humble/share/rosidl_adapter/cmake)
[0.228s] -- Found rosidl_generator_cpp: 3.1.5 (/opt/ros/humble/share/rosidl_generator_cpp/cmake)
[0.241s] -- Using all available rosidl_typesupport_c: rosidl_typesupport_fastrtps_c;rosidl_typesupport_introspection_c
[0.257s] -- Using all available rosidl_typesupport_cpp: rosidl_typesupport_fastrtps_cpp;rosidl_typesupport_introspection_cpp
[0.317s] -- Found rmw_implementation_cmake: 6.1.1 (/opt/ros/humble/share/rmw_implementation_cmake/cmake)
[0.318s] -- Found rmw_fastrtps_cpp: 6.2.6 (/opt/ros/humble/share/rmw_fastrtps_cpp/cmake)
[0.437s] -- Using RMW implementation 'rmw_fastrtps_cpp' as default
[0.905s] [33mCMake Warning at /usr/lib/ids_peak-1.7.3/cmake/ids_peak-config.cmake:234 (message):
[0.905s]   GENICAM_GENTL64_PATH is not set! If you just installed the SDK you might
[0.906s]   want to consider a restart.  If you are using the .tar.gz package, please
[0.906s]   use the ids_peak_generate_starter_script function to generate a starter
[0.906s]   script.
[0.907s] Call Stack (most recent call first):
[0.907s]   CMakeLists.txt:16 (find_package)
[0.907s] 
[0.908s] [0m
[1.013s] -- Found Boost: /usr/lib/x86_64-linux-gnu/cmake/Boost-1.74.0/BoostConfig.cmake (found version "1.74.0") found components: system 
[1.035s] -- Configuring done
[1.052s] -- Generating done
[1.053s] -- Build files have been written to: /home/leonard/peak_cam_docker/build/peak_cam
[1.062s] Invoked command in '/home/leonard/peak_cam_docker/build/peak_cam' returned '0': CMAKE_PREFIX_PATH=/opt/ros/humble /usr/bin/cmake /home/leonard/peak_cam_docker/peak_cam -DCMAKE_INSTALL_PREFIX=/home/leonard/peak_cam_docker/install/peak_cam
[1.062s] Invoking command in '/home/leonard/peak_cam_docker/build/peak_cam': CMAKE_PREFIX_PATH=/opt/ros/humble /usr/bin/cmake --build /home/leonard/peak_cam_docker/build/peak_cam -- -j6 -l6
[1.112s] [ 25%] [32mBuilding CXX object CMakeFiles/peak_cam_node.dir/rclcpp_components/node_main_peak_cam_node.cpp.o[0m
[1.112s] [ 50%] [32mBuilding CXX object CMakeFiles/peak_cam.dir/src/peak_cam_node.cpp.o[0m
[1.286s] In file included from [01m[K/home/leonard/peak_cam_docker/peak_cam/src/peak_cam_node.cpp:36[m[K:
[1.286s] [01m[K/home/leonard/peak_cam_docker/peak_cam/include/peak_cam/peak_cam_node.hpp:43:10:[m[K [01;31m[Kfatal error: [m[Kcamera_info_manager/camera_info_manager.hpp: No such file or directory
[1.286s]    43 | #include [01;31m[K"camera_info_manager/camera_info_manager.hpp"[m[K
[1.286s]       |          [01;31m[K^~~~~~~~~~~~~~~~~~~~~~~~~~~~~~~~~~~~~~~~~~~~~[m[K
[1.286s] compilation terminated.
[1.288s] gmake[2]: *** [CMakeFiles/peak_cam.dir/build.make:76: CMakeFiles/peak_cam.dir/src/peak_cam_node.cpp.o] Error 1
[1.288s] gmake[1]: *** [CMakeFiles/Makefile2:139: CMakeFiles/peak_cam.dir/all] Error 2
[1.288s] gmake[1]: *** Waiting for unfinished jobs....
[4.732s] [ 75%] [32m[1mLinking CXX executable peak_cam_node[0m
[4.982s] [ 75%] Built target peak_cam_node
[4.984s] gmake: *** [Makefile:146: all] Error 2
[4.988s] Invoked command in '/home/leonard/peak_cam_docker/build/peak_cam' returned '2': CMAKE_PREFIX_PATH=/opt/ros/humble /usr/bin/cmake --build /home/leonard/peak_cam_docker/build/peak_cam -- -j6 -l6
