[0.010s] Invoking command in '/home/leonard/peak_cam_docker/build/peak_cam': CMAKE_PREFIX_PATH=/opt/ros/humble /usr/bin/cmake --build /home/leonard/peak_cam_docker/build/peak_cam -- -j6 -l6
[0.062s] [ 25%] [32mBuilding CXX object CMakeFiles/peak_cam.dir/src/peak_cam_node.cpp.o[0m
[0.066s] [ 75%] Built target peak_cam_node
[0.137s] In file included from [01m[K/home/leonard/peak_cam_docker/peak_cam/src/peak_cam_node.cpp:36[m[K:
[0.137s] [01m[K/home/leonard/peak_cam_docker/peak_cam/include/peak_cam/peak_cam_node.hpp:43:10:[m[K [01;31m[Kfatal error: [m[Kcamera_info_manager/camera_info_manager.hpp: No such file or directory
[0.137s]    43 | #include [01;31m[K"camera_info_manager/camera_info_manager.hpp"[m[K
[0.137s]       |          [01;31m[K^~~~~~~~~~~~~~~~~~~~~~~~~~~~~~~~~~~~~~~~~~~~~[m[K
[0.137s] compilation terminated.
[0.138s] gmake[2]: *** [CMakeFiles/peak_cam.dir/build.make:76: CMakeFiles/peak_cam.dir/src/peak_cam_node.cpp.o] Error 1
[0.139s] gmake[1]: *** [CMakeFiles/Makefile2:139: CMakeFiles/peak_cam.dir/all] Error 2
[0.139s] gmake: *** [Makefile:146: all] Error 2
[0.142s] Invoked command in '/home/leonard/peak_cam_docker/build/peak_cam' returned '2': CMAKE_PREFIX_PATH=/opt/ros/humble /usr/bin/cmake --build /home/leonard/peak_cam_docker/build/peak_cam -- -j6 -l6
